INFO: kbplacer_plugin_action.py:70: Plugin version: 0.14
INFO: kbplacer_plugin_action.py:71: Python version: '3.11.5 (main, Nov  6 2025, 07:48:09) [MSC v.1944 64 bit (AMD64)]'
INFO: kbplacer_plugin_action.py:72: KiCad version: 9.0.7 with 4.2.2 msw (phoenix) wxWidgets 3.2.8
INFO: kbplacer_dialog.py:631: Language: en
INFO: kbplacer_plugin_action.py:80: GUI state: {"layout_path": "C:\\Users\\Anay\\Desktop\\keyboard-layout.json", "key_distance": [19.05, 19.05], "key_info": {"annotation_format": "SW{}", "position_option": "Default", "position": {"x": 0.0, "y": 0.0, "orientation": 0.0, "side": "Front"}, "template_path": ""}, "enable_diode_placement": true, "route_switches_with_diodes": true, "optimize_diodes_orientation": false, "diode_info": {"annotation_format": "D{}", "position_option": "Default", "position": {"x": 5.08, "y": 3.03, "orientation": 90.0, "side": "Back"}, "template_path": ""}, "additional_elements": [{"annotation_format": "ST{}", "position_option": "Custom", "position": {"x": 0.0, "y": 0.0, "orientation": 0.0, "side": "Front"}, "template_path": ""}], "route_rows_and_columns": true, "template_path": "", "generate_outline": false, "outline_delta": 0.0}
DEBUG: key_placer.py:424: Set key 1U distance: 19050000/19050000
WARNING: key_placer.py:134: Unexpected switch net position detected, each switch should have two unique nets unambiguously defining position in key matrix, switch-by-matrix association can't be used
DEBUG: key_placer.py:141: Switches by nets: {}
DEBUG: key_placer.py:145: Diodes by switch: {'SW9': ['D9'], 'SW8': ['D8'], 'SW7': ['D7'], 'SW6': ['D6'], 'SW5': ['D5'], 'SW4': ['D4'], 'SW3': ['D3'], 'SW2': ['D2'], 'SW1': ['D1']}
INFO: kle_serial.py:931: User layout: [[{'y': 1}, '7\nHome', '8\n↑', '9\nPgUp'], ['4\n←', '5', '6\n→'], ['1\nEnd', '2\n↓', '3\nPgDn']]
DEBUG: key_placer.py:724: Layout offset: (28575000, 28575000)
DEBUG: kle_serial.py:990: Layout with: x_ortholinear_keys=9, y_ortholinear_keys=9, rotated_keys=0, encoders=0, iso_enters=0 and unrecognized_shape_keys=0
DEBUG: kle_serial.py:1015: Layout tagged: [<KeyboardTag.ORTHOLINEAR: 1>]
DEBUG: board_modifier.py:94: Setting SW1 footprint position: (38100000, 57150000)
DEBUG: board_modifier.py:94: Setting SW2 footprint position: (57150000, 57150000)
DEBUG: board_modifier.py:94: Setting SW3 footprint position: (76200000, 57150000)
DEBUG: board_modifier.py:94: Setting SW4 footprint position: (38100000, 76200000)
DEBUG: board_modifier.py:94: Setting SW5 footprint position: (57150000, 76200000)
DEBUG: board_modifier.py:94: Setting SW6 footprint position: (76200000, 76200000)
DEBUG: board_modifier.py:94: Setting SW7 footprint position: (38100000, 95250000)
DEBUG: board_modifier.py:94: Setting SW8 footprint position: (57150000, 95250000)
DEBUG: board_modifier.py:94: Setting SW9 footprint position: (76200000, 95250000)
INFO: key_placer.py:1078: Diode info: [ElementInfo(annotation_format='D{}', position_option=<PositionOption.DEFAULT: 'Default'>, position=ElementPosition(x=5.08, y=3.03, orientation=90.0, side=<Side.BACK: 'Back'>), template_path='')]
DEBUG: board_modifier.py:107: Getting SW1 footprint position: (38100000, 57150000)
DEBUG: board_modifier.py:94: Setting D1 footprint position: (43180000, 60180000)
DEBUG: board_modifier.py:107: Getting SW2 footprint position: (57150000, 57150000)
DEBUG: board_modifier.py:94: Setting D2 footprint position: (62230000, 60180000)
DEBUG: board_modifier.py:107: Getting SW3 footprint position: (76200000, 57150000)
DEBUG: board_modifier.py:94: Setting D3 footprint position: (81280000, 60180000)
DEBUG: board_modifier.py:107: Getting SW4 footprint position: (38100000, 76200000)
DEBUG: board_modifier.py:94: Setting D4 footprint position: (43180000, 79230000)
DEBUG: board_modifier.py:107: Getting SW5 footprint position: (57150000, 76200000)
DEBUG: board_modifier.py:94: Setting D5 footprint position: (62230000, 79230000)
DEBUG: board_modifier.py:107: Getting SW6 footprint position: (76200000, 76200000)
DEBUG: board_modifier.py:94: Setting D6 footprint position: (81280000, 79230000)
DEBUG: board_modifier.py:107: Getting SW7 footprint position: (38100000, 95250000)
DEBUG: board_modifier.py:94: Setting D7 footprint position: (43180000, 98280000)
DEBUG: board_modifier.py:107: Getting SW8 footprint position: (57150000, 95250000)
DEBUG: board_modifier.py:94: Setting D8 footprint position: (62230000, 98280000)
DEBUG: board_modifier.py:107: Getting SW9 footprint position: (76200000, 95250000)
DEBUG: board_modifier.py:94: Setting D9 footprint position: (81280000, 98280000)
DEBUG: board_modifier.py:107: Getting SW10 footprint position: (129900000, 93575000)
DEBUG: key_placer.py:854: Placing additional elements for SW10
DEBUG: board_modifier.py:107: Getting SW10 footprint position: (129900000, 93575000)
DEBUG: board_modifier.py:84: Searching for optional ST10 footprint in C:/Users/Anay/Downloads/pratham/prv_pad/prv_pad.kicad_pcb
DEBUG: board_modifier.py:89: Footprint not found
DEBUG: key_placer.py:854: Placing additional elements for SW9
DEBUG: board_modifier.py:107: Getting SW9 footprint position: (76200000, 95250000)
DEBUG: board_modifier.py:84: Searching for optional ST9 footprint in C:/Users/Anay/Downloads/pratham/prv_pad/prv_pad.kicad_pcb
DEBUG: board_modifier.py:89: Footprint not found
DEBUG: key_placer.py:854: Placing additional elements for SW8
DEBUG: board_modifier.py:107: Getting SW8 footprint position: (57150000, 95250000)
DEBUG: board_modifier.py:84: Searching for optional ST8 footprint in C:/Users/Anay/Downloads/pratham/prv_pad/prv_pad.kicad_pcb
DEBUG: board_modifier.py:89: Footprint not found
DEBUG: key_placer.py:854: Placing additional elements for SW7
DEBUG: board_modifier.py:107: Getting SW7 footprint position: (38100000, 95250000)
DEBUG: board_modifier.py:84: Searching for optional ST7 footprint in C:/Users/Anay/Downloads/pratham/prv_pad/prv_pad.kicad_pcb
DEBUG: board_modifier.py:89: Footprint not found
DEBUG: key_placer.py:854: Placing additional elements for SW6
DEBUG: board_modifier.py:107: Getting SW6 footprint position: (76200000, 76200000)
DEBUG: board_modifier.py:84: Searching for optional ST6 footprint in C:/Users/Anay/Downloads/pratham/prv_pad/prv_pad.kicad_pcb
DEBUG: board_modifier.py:89: Footprint not found
DEBUG: key_placer.py:854: Placing additional elements for SW5
DEBUG: board_modifier.py:107: Getting SW5 footprint position: (57150000, 76200000)
DEBUG: board_modifier.py:84: Searching for optional ST5 footprint in C:/Users/Anay/Downloads/pratham/prv_pad/prv_pad.kicad_pcb
DEBUG: board_modifier.py:89: Footprint not found
DEBUG: key_placer.py:854: Placing additional elements for SW4
DEBUG: board_modifier.py:107: Getting SW4 footprint position: (38100000, 76200000)
DEBUG: board_modifier.py:84: Searching for optional ST4 footprint in C:/Users/Anay/Downloads/pratham/prv_pad/prv_pad.kicad_pcb
DEBUG: board_modifier.py:89: Footprint not found
DEBUG: key_placer.py:854: Placing additional elements for SW3
DEBUG: board_modifier.py:107: Getting SW3 footprint position: (76200000, 57150000)
DEBUG: board_modifier.py:84: Searching for optional ST3 footprint in C:/Users/Anay/Downloads/pratham/prv_pad/prv_pad.kicad_pcb
DEBUG: board_modifier.py:89: Footprint not found
DEBUG: key_placer.py:854: Placing additional elements for SW2
DEBUG: board_modifier.py:107: Getting SW2 footprint position: (57150000, 57150000)
DEBUG: board_modifier.py:84: Searching for optional ST2 footprint in C:/Users/Anay/Downloads/pratham/prv_pad/prv_pad.kicad_pcb
DEBUG: board_modifier.py:89: Footprint not found
DEBUG: key_placer.py:854: Placing additional elements for SW1
DEBUG: board_modifier.py:107: Getting SW1 footprint position: (38100000, 57150000)
DEBUG: board_modifier.py:84: Searching for optional ST1 footprint in C:/Users/Anay/Downloads/pratham/prv_pad/prv_pad.kicad_pcb
DEBUG: board_modifier.py:89: Footprint not found
INFO: key_placer.py:486: Routing SW9 with D9
INFO: key_placer.py:488: Using internal autorouter method
DEBUG: board_modifier.py:541: Routing at F.Cu layer
DEBUG: board_modifier.py:558: Netclass: Default, track width: 200000
DEBUG: board_modifier.py:620: Routing pad 'SW9:2' at (69850000, 97790000) with pad 'D9:2' at (81280000, 90660000) using coordinate system rotated by 0 degree(s)
INFO: board_modifier.py:464: Adding track segment (F.Cu): [(69850000, 97790000), (74150000, 97790000)]
INFO: board_modifier.py:469: Track added
INFO: board_modifier.py:464: Adding track segment (F.Cu): [(74150000, 97790000), (81280000, 90660000)]
DEBUG: board_modifier.py:474: Could not add track segment due to detected collision
INFO: board_modifier.py:464: Adding track segment (F.Cu): [(69850000, 97790000), (76980000, 90660000)]
INFO: board_modifier.py:469: Track added
INFO: board_modifier.py:464: Adding track segment (F.Cu): [(76980000, 90660000), (81280000, 90660000)]
INFO: board_modifier.py:469: Track added
INFO: key_placer.py:486: Routing SW8 with D8
INFO: key_placer.py:488: Using internal autorouter method
DEBUG: board_modifier.py:541: Routing at F.Cu layer
DEBUG: board_modifier.py:558: Netclass: Default, track width: 200000
DEBUG: board_modifier.py:620: Routing pad 'SW8:2' at (50800000, 97790000) with pad 'D8:2' at (62230000, 90660000) using coordinate system rotated by 0 degree(s)
INFO: board_modifier.py:464: Adding track segment (F.Cu): [(50800000, 97790000), (55100000, 97790000)]
INFO: board_modifier.py:469: Track added
INFO: board_modifier.py:464: Adding track segment (F.Cu): [(55100000, 97790000), (62230000, 90660000)]
DEBUG: board_modifier.py:474: Could not add track segment due to detected collision
INFO: board_modifier.py:464: Adding track segment (F.Cu): [(50800000, 97790000), (57930000, 90660000)]
INFO: board_modifier.py:469: Track added
INFO: board_modifier.py:464: Adding track segment (F.Cu): [(57930000, 90660000), (62230000, 90660000)]
INFO: board_modifier.py:469: Track added
INFO: key_placer.py:486: Routing SW7 with D7
INFO: key_placer.py:488: Using internal autorouter method
DEBUG: board_modifier.py:541: Routing at F.Cu layer
DEBUG: board_modifier.py:558: Netclass: Default, track width: 200000
DEBUG: board_modifier.py:620: Routing pad 'SW7:2' at (31750000, 97790000) with pad 'D7:2' at (43180000, 90660000) using coordinate system rotated by 0 degree(s)
INFO: board_modifier.py:464: Adding track segment (F.Cu): [(31750000, 97790000), (36050000, 97790000)]
INFO: board_modifier.py:469: Track added
INFO: board_modifier.py:464: Adding track segment (F.Cu): [(36050000, 97790000), (43180000, 90660000)]
DEBUG: board_modifier.py:474: Could not add track segment due to detected collision
INFO: board_modifier.py:464: Adding track segment (F.Cu): [(31750000, 97790000), (38880000, 90660000)]
INFO: board_modifier.py:469: Track added
INFO: board_modifier.py:464: Adding track segment (F.Cu): [(38880000, 90660000), (43180000, 90660000)]
INFO: board_modifier.py:469: Track added
INFO: key_placer.py:486: Routing SW6 with D6
INFO: key_placer.py:488: Using internal autorouter method
DEBUG: board_modifier.py:541: Routing at F.Cu layer
DEBUG: board_modifier.py:558: Netclass: Default, track width: 200000
DEBUG: board_modifier.py:620: Routing pad 'SW6:2' at (69850000, 78740000) with pad 'D6:2' at (81280000, 71610000) using coordinate system rotated by 0 degree(s)
INFO: board_modifier.py:464: Adding track segment (F.Cu): [(69850000, 78740000), (74150000, 78740000)]
INFO: board_modifier.py:469: Track added
INFO: board_modifier.py:464: Adding track segment (F.Cu): [(74150000, 78740000), (81280000, 71610000)]
DEBUG: board_modifier.py:474: Could not add track segment due to detected collision
INFO: board_modifier.py:464: Adding track segment (F.Cu): [(69850000, 78740000), (76980000, 71610000)]
INFO: board_modifier.py:469: Track added
INFO: board_modifier.py:464: Adding track segment (F.Cu): [(76980000, 71610000), (81280000, 71610000)]
INFO: board_modifier.py:469: Track added
INFO: key_placer.py:486: Routing SW5 with D5
INFO: key_placer.py:488: Using internal autorouter method
DEBUG: board_modifier.py:541: Routing at F.Cu layer
DEBUG: board_modifier.py:558: Netclass: Default, track width: 200000
DEBUG: board_modifier.py:620: Routing pad 'SW5:2' at (50800000, 78740000) with pad 'D5:2' at (62230000, 71610000) using coordinate system rotated by 0 degree(s)
INFO: board_modifier.py:464: Adding track segment (F.Cu): [(50800000, 78740000), (55100000, 78740000)]
INFO: board_modifier.py:469: Track added
INFO: board_modifier.py:464: Adding track segment (F.Cu): [(55100000, 78740000), (62230000, 71610000)]
DEBUG: board_modifier.py:474: Could not add track segment due to detected collision
INFO: board_modifier.py:464: Adding track segment (F.Cu): [(50800000, 78740000), (57930000, 71610000)]
INFO: board_modifier.py:469: Track added
INFO: board_modifier.py:464: Adding track segment (F.Cu): [(57930000, 71610000), (62230000, 71610000)]
INFO: board_modifier.py:469: Track added
INFO: key_placer.py:486: Routing SW4 with D4
INFO: key_placer.py:488: Using internal autorouter method
DEBUG: board_modifier.py:541: Routing at F.Cu layer
DEBUG: board_modifier.py:558: Netclass: Default, track width: 200000
DEBUG: board_modifier.py:620: Routing pad 'SW4:2' at (31750000, 78740000) with pad 'D4:2' at (43180000, 71610000) using coordinate system rotated by 0 degree(s)
INFO: board_modifier.py:464: Adding track segment (F.Cu): [(31750000, 78740000), (36050000, 78740000)]
INFO: board_modifier.py:469: Track added
INFO: board_modifier.py:464: Adding track segment (F.Cu): [(36050000, 78740000), (43180000, 71610000)]
DEBUG: board_modifier.py:474: Could not add track segment due to detected collision
INFO: board_modifier.py:464: Adding track segment (F.Cu): [(31750000, 78740000), (38880000, 71610000)]
INFO: board_modifier.py:469: Track added
INFO: board_modifier.py:464: Adding track segment (F.Cu): [(38880000, 71610000), (43180000, 71610000)]
INFO: board_modifier.py:469: Track added
INFO: key_placer.py:486: Routing SW3 with D3
INFO: key_placer.py:488: Using internal autorouter method
DEBUG: board_modifier.py:541: Routing at F.Cu layer
DEBUG: board_modifier.py:558: Netclass: Default, track width: 200000
DEBUG: board_modifier.py:620: Routing pad 'SW3:2' at (69850000, 59690000) with pad 'D3:2' at (81280000, 52560000) using coordinate system rotated by 0 degree(s)
INFO: board_modifier.py:464: Adding track segment (F.Cu): [(69850000, 59690000), (74150000, 59690000)]
INFO: board_modifier.py:469: Track added
INFO: board_modifier.py:464: Adding track segment (F.Cu): [(74150000, 59690000), (81280000, 52560000)]
DEBUG: board_modifier.py:474: Could not add track segment due to detected collision
INFO: board_modifier.py:464: Adding track segment (F.Cu): [(69850000, 59690000), (76980000, 52560000)]
INFO: board_modifier.py:469: Track added
INFO: board_modifier.py:464: Adding track segment (F.Cu): [(76980000, 52560000), (81280000, 52560000)]
DEBUG: board_modifier.py:474: Could not add track segment due to detected collision
INFO: key_placer.py:486: Routing SW2 with D2
INFO: key_placer.py:488: Using internal autorouter method
DEBUG: board_modifier.py:541: Routing at F.Cu layer
DEBUG: board_modifier.py:558: Netclass: Default, track width: 200000
DEBUG: board_modifier.py:620: Routing pad 'SW2:2' at (50800000, 59690000) with pad 'D2:2' at (62230000, 52560000) using coordinate system rotated by 0 degree(s)
INFO: board_modifier.py:464: Adding track segment (F.Cu): [(50800000, 59690000), (55100000, 59690000)]
INFO: board_modifier.py:469: Track added
INFO: board_modifier.py:464: Adding track segment (F.Cu): [(55100000, 59690000), (62230000, 52560000)]
DEBUG: board_modifier.py:474: Could not add track segment due to detected collision
INFO: board_modifier.py:464: Adding track segment (F.Cu): [(50800000, 59690000), (57930000, 52560000)]
INFO: board_modifier.py:469: Track added
INFO: board_modifier.py:464: Adding track segment (F.Cu): [(57930000, 52560000), (62230000, 52560000)]
DEBUG: board_modifier.py:474: Could not add track segment due to detected collision
INFO: key_placer.py:486: Routing SW1 with D1
INFO: key_placer.py:488: Using internal autorouter method
DEBUG: board_modifier.py:541: Routing at F.Cu layer
DEBUG: board_modifier.py:558: Netclass: Default, track width: 200000
DEBUG: board_modifier.py:620: Routing pad 'SW1:2' at (31750000, 59690000) with pad 'D1:2' at (43180000, 52560000) using coordinate system rotated by 0 degree(s)
INFO: board_modifier.py:464: Adding track segment (F.Cu): [(31750000, 59690000), (36050000, 59690000)]
INFO: board_modifier.py:469: Track added
INFO: board_modifier.py:464: Adding track segment (F.Cu): [(36050000, 59690000), (43180000, 52560000)]
DEBUG: board_modifier.py:474: Could not add track segment due to detected collision
INFO: board_modifier.py:464: Adding track segment (F.Cu): [(31750000, 59690000), (38880000, 52560000)]
INFO: board_modifier.py:469: Track added
INFO: board_modifier.py:464: Adding track segment (F.Cu): [(38880000, 52560000), (43180000, 52560000)]
INFO: board_modifier.py:469: Track added
INFO: key_placer.py:520: Removing dangling tracks
INFO: key_placer.py:532: Removing 0d5b02a1-ebd9-436c-8fe7-063897471e96
INFO: key_placer.py:532: Removing bc4443fd-3f63-4010-86e6-ab717481d72b
INFO: key_placer.py:532: Removing 4b66e81c-3e64-4d8c-8c5b-f4729b6aed5c
INFO: key_placer.py:532: Removing f712c227-71e8-4a52-a467-59285480ffb0
INFO: key_placer.py:532: Removing 36f19651-9c15-4189-96e0-7b3c920c8778
INFO: key_placer.py:532: Removing 1c684297-58cb-4aa8-89e0-b818b39e60b9
INFO: key_placer.py:532: Removing 871edc0c-c544-4f81-8603-bf1aaac89062
INFO: key_placer.py:532: Removing 003f3569-f7e8-41fe-903f-57e76976080b
INFO: key_placer.py:532: Removing 52a5bba6-0e68-46f7-92e0-f2d8e0ce2421
INFO: key_placer.py:532: Removing 04b81285-65f9-4714-9737-49011a53208c
INFO: key_placer.py:532: Removing 467bd22c-6b82-4c17-bfba-ab2f3e706816
INFO: key_placer.py:520: Removing dangling tracks
